<?xml version="1.0" encoding="UTF-8" ?>
<testsuite failures="0" time="1.268" errors="1" skipped="0" tests="1" name="evs2009.ApplicationTest">
  <properties>
[...]
</properties>
  <testcase time="1.268" classname="evs2009.ApplicationTest" name="generalTest">
    <error message="java.net.SocketException: Connection reset" type="comm.ProtocolException">comm.ProtocolException: java.net.SocketException: Connection reset
	at comm.socket.SocketPluginClient.sendData(SocketPluginClient.java:78)
	at comm.Requestor$1.invoke(Requestor.java:43)
	at $Proxy49.invoke(Unknown Source)
	at evs2009.ClientPeer.send(ClientPeer.java:149)
	at evs2009.ClientPeer.login(ClientPeer.java:86)
	at evs2009.ApplicationTest.generalTest(ApplicationTest.java:23)
	at sun.reflect.NativeMethodAccessorImpl.invoke0(Native Method)
	at sun.reflect.NativeMethodAccessorImpl.invoke(Unknown Source)
	at sun.reflect.DelegatingMethodAccessorImpl.invoke(Unknown Source)
	at java.lang.reflect.Method.invoke(Unknown Source)
	at org.junit.runners.model.FrameworkMethod$1.runReflectiveCall(FrameworkMethod.java:47)
	at org.junit.internal.runners.model.ReflectiveCallable.run(ReflectiveCallable.java:12)
	at org.junit.runners.model.FrameworkMethod.invokeExplosively(FrameworkMethod.java:44)
	at org.junit.internal.runners.statements.InvokeMethod.evaluate(InvokeMethod.java:17)
	at org.junit.runners.ParentRunner.runLeaf(ParentRunner.java:271)
	at org.junit.runners.BlockJUnit4ClassRunner.runChild(BlockJUnit4ClassRunner.java:70)
	at org.junit.runners.BlockJUnit4ClassRunner.runChild(BlockJUnit4ClassRunner.java:50)
	at org.junit.runners.ParentRunner$3.run(ParentRunner.java:238)
	at org.junit.runners.ParentRunner$1.schedule(ParentRunner.java:63)
	at org.junit.runners.ParentRunner.runChildren(ParentRunner.java:236)
	at org.junit.runners.ParentRunner.access$000(ParentRunner.java:53)
	at org.junit.runners.ParentRunner$2.evaluate(ParentRunner.java:229)
	at org.junit.runners.ParentRunner.run(ParentRunner.java:309)
	at org.apache.maven.surefire.junit4.JUnit4TestSet.execute(JUnit4TestSet.java:53)
	at org.apache.maven.surefire.junit4.JUnit4Provider.executeTestSet(JUnit4Provider.java:123)
	at org.apache.maven.surefire.junit4.JUnit4Provider.invoke(JUnit4Provider.java:104)
	at sun.reflect.NativeMethodAccessorImpl.invoke0(Native Method)
	at sun.reflect.NativeMethodAccessorImpl.invoke(Unknown Source)
	at sun.reflect.DelegatingMethodAccessorImpl.invoke(Unknown Source)
	at java.lang.reflect.Method.invoke(Unknown Source)
	at org.apache.maven.surefire.util.ReflectionUtils.invokeMethodWithArray(ReflectionUtils.java:164)
	at org.apache.maven.surefire.booter.ProviderFactory$ProviderProxy.invoke(ProviderFactory.java:110)
	at org.apache.maven.surefire.booter.SurefireStarter.invokeProvider(SurefireStarter.java:175)
	at org.apache.maven.surefire.booter.SurefireStarter.runSuitesInProcessWhenForked(SurefireStarter.java:107)
	at org.apache.maven.surefire.booter.ForkedBooter.main(ForkedBooter.java:68)
Caused by: java.net.SocketException: Connection reset
	at java.net.SocketInputStream.read(Unknown Source)
	at java.net.SocketInputStream.read(Unknown Source)
	at java.net.SocketInputStream.read(Unknown Source)
	at comm.socket.SocketPlugin.readSize(SocketPlugin.java:46)
	at comm.socket.SocketPluginClient.sendData(SocketPluginClient.java:57)
	... 34 more
</error>
    <system-out>1033 [Thread-4] WARN  comm.socket.SocketPluginServer  - ServerSocket problem
java.net.BindException: Address already in use: JVM_Bind
	at java.net.DualStackPlainSocketImpl.bind0(Native Method)
	at java.net.DualStackPlainSocketImpl.socketBind(Unknown Source)
	at java.net.AbstractPlainSocketImpl.bind(Unknown Source)
	at java.net.PlainSocketImpl.bind(Unknown Source)
	at java.net.ServerSocket.bind(Unknown Source)
	at java.net.ServerSocket.&lt;init&gt;(Unknown Source)
	at java.net.ServerSocket.&lt;init&gt;(Unknown Source)
	at comm.socket.SocketPluginServer.run(SocketPluginServer.java:43)
	at java.lang.Thread.run(Unknown Source)
1093 [Thread-6] WARN  comm.socket.SocketPluginServer  - ServerSocket problem
java.net.BindException: Address already in use: JVM_Bind
	at java.net.DualStackPlainSocketImpl.bind0(Native Method)
	at java.net.DualStackPlainSocketImpl.socketBind(Unknown Source)
	at java.net.AbstractPlainSocketImpl.bind(Unknown Source)
	at java.net.PlainSocketImpl.bind(Unknown Source)
	at java.net.ServerSocket.bind(Unknown Source)
	at java.net.ServerSocket.&lt;init&gt;(Unknown Source)
	at java.net.ServerSocket.&lt;init&gt;(Unknown Source)
	at comm.socket.SocketPluginServer.run(SocketPluginServer.java:43)
	at java.lang.Thread.run(Unknown Source)
1113 [main] INFO  comm.socket.SocketPluginClient  - SPC :: Configuring clientpeer plugin socket to host: localhost port: 12345
1133 [main] INFO  comm.socket.SocketPluginClient  - SPC :: Configuring clientpeer plugin socket to host: localhost port: 12300
</system-out>
  </testcase>
</testsuite>